<?xml version="1.0" encoding="utf-8"?><testsuites name="pytest tests"><testsuite name="pytest" errors="0" failures="0" skipped="0" tests="8" time="1.799" timestamp="2025-09-15T10:26:19.814345+01:00" hostname="Josefs-MacBook-Pro.local"><testcase classname="test.aiservice.install.test_app" name="test_install_noninteractive[v9-250828-amd64-testInstanceId-testEntitlmentKey]" time="0.499" /><testcase classname="test.aiservice.install.test_app" name="test_install_interactive" time="0.538" /><testcase classname="test.test_help" name="testInstallHelp" time="0.010" /><testcase classname="test.test_help" name="testUninstallHelp" time="0.004" /><testcase classname="test.test_help" name="testUpgradeHelp" time="0.005" /><testcase classname="test.test_install" name="testInstallHelp" time="0.007" /><testcase classname="test.test_install" name="testUninstallHelp" time="0.004" /><testcase classname="test.test_install" name="testUpgradeHelp" time="0.003" /></testsuite></testsuites>